<?xml version="1.0" encoding="UTF-8"?>
<!-- Generated by org.testng.reporters.JUnitXMLReporter -->
<testsuite ignored="0" hostname="saibabu" failures="1" tests="3" name="EdgeTest" time="10.896" errors="0" timestamp="2025-02-08T12:57:59 IST">
  <testcase classname="DataParameterization.paramTest" name="testLogo" time="0.282"/>
  <testcase classname="DataParameterization.paramTest" name="testTitle" time="0.024"/>
  <testcase classname="DataParameterization.paramTest" name="testURL" time="0.016">
    <failure type="java.lang.AssertionError" message="expected [asgdiqoagnv] but found [https://opensource-demo.orangehrmlive.com/web/index.php/auth/login]">
      <![CDATA[java.lang.AssertionError: expected [asgdiqoagnv] but found [https://opensource-demo.orangehrmlive.com/web/index.php/auth/login]
at DataParameterization.paramTest.testURL(paramTest.java:46)
at java.base/java.util.ArrayList.forEach(ArrayList.java:1596)
at java.base/java.util.concurrent.FutureTask.run(FutureTask.java:317)
at java.base/java.util.concurrent.ThreadPoolExecutor.runWorker(ThreadPoolExecutor.java:1144)
at java.base/java.util.concurrent.ThreadPoolExecutor$Worker.run(ThreadPoolExecutor.java:642)
at java.base/java.lang.Thread.run(Thread.java:1583)
... Removed 21 stack frames]]>
    </failure>
  </testcase> <!-- testURL -->
</testsuite> <!-- EdgeTest -->
